<?xml version="1.0" encoding="UTF-8"?>
<testng-results skipped="0" failed="0" ignored="0" total="1" passed="1">
  <reporter-output>
  </reporter-output>
  <suite name="Suite" duration-ms="99257" started-at="2019-10-25T05:57:54Z" finished-at="2019-10-25T05:59:34Z">
    <groups>
    </groups>
    <test name="Test" duration-ms="99257" started-at="2019-10-25T05:57:54Z" finished-at="2019-10-25T05:59:34Z">
      <class name="com.sampleproject.testScripts.TC001_Add_And_Pemove_Product">
        <test-method status="PASS" signature="setUpFramework()[pri:0, instance:com.sampleproject.testScripts.TC001_Add_And_Pemove_Product@4493d195]" name="setUpFramework" is-config="true" duration-ms="57" started-at="2019-10-25T11:27:54Z" finished-at="2019-10-25T11:27:54Z">
          <reporter-output>
          </reporter-output>
        </test-method> <!-- setUpFramework -->
        <test-method status="PASS" signature="TC001(java.util.Hashtable)[pri:0, instance:com.sampleproject.testScripts.TC001_Add_And_Pemove_Product@4493d195]" name="TC001" duration-ms="97333" started-at="2019-10-25T11:27:55Z" data-provider="masterDP" finished-at="2019-10-25T11:29:32Z">
          <params>
            <param index="0">
              <value>
                <![CDATA[{Test Descrption=TC001_Add_And_Pemove_Product, url=https://www.amazon.in, searchKeyword=Apple 6s gold, password=gangadhar@999, browser=chrome, Runmode=Y, emailOrPhNumber=9908582999}]]>
              </value>
            </param>
          </params>
          <reporter-output>
          </reporter-output>
        </test-method> <!-- TC001 -->
        <test-method status="PASS" signature="tearDown()[pri:0, instance:com.sampleproject.testScripts.TC001_Add_And_Pemove_Product@4493d195]" name="tearDown" is-config="true" duration-ms="1034" started-at="2019-10-25T11:29:32Z" finished-at="2019-10-25T11:29:34Z">
          <reporter-output>
          </reporter-output>
        </test-method> <!-- tearDown -->
      </class> <!-- com.sampleproject.testScripts.TC001_Add_And_Pemove_Product -->
    </test> <!-- Test -->
  </suite> <!-- Suite -->
</testng-results>
