<?xml version="1.0" encoding="UTF-8"?>
<testng-results skipped="0" failed="0" ignored="0" total="1" passed="1">
  <reporter-output>
  </reporter-output>
  <suite name="Suite" duration-ms="96659" started-at="2019-10-25T05:14:51Z" finished-at="2019-10-25T05:16:28Z">
    <groups>
    </groups>
    <test name="Test" duration-ms="96659" started-at="2019-10-25T05:14:51Z" finished-at="2019-10-25T05:16:28Z">
      <class name="com.sampleproject.testScripts.TC001_Add_And_Pemove_Product">
        <test-method status="PASS" signature="setUpFramework()[pri:0, instance:com.sampleproject.testScripts.TC001_Add_And_Pemove_Product@5f71c76a]" name="setUpFramework" is-config="true" duration-ms="60" started-at="2019-10-25T10:44:51Z" finished-at="2019-10-25T10:44:51Z">
          <reporter-output>
          </reporter-output>
        </test-method> <!-- setUpFramework -->
        <test-method status="PASS" signature="TC001(java.util.Hashtable)[pri:0, instance:com.sampleproject.testScripts.TC001_Add_And_Pemove_Product@5f71c76a]" name="TC001" duration-ms="94079" started-at="2019-10-25T10:44:52Z" data-provider="masterDP" finished-at="2019-10-25T10:46:26Z">
          <params>
            <param index="0">
              <value>
                <![CDATA[{Test Descrption=TC001_Add_And_Pemove_Product, url=https://www.amazon.in, searchKeyword=Apple 6s gold, password=gangadhar@999, browser=chrome, Runmode=Y, emailOrPhNumber=9908582999}]]>
              </value>
            </param>
          </params>
          <reporter-output>
          </reporter-output>
        </test-method> <!-- TC001 -->
        <test-method status="PASS" signature="tearDown()[pri:0, instance:com.sampleproject.testScripts.TC001_Add_And_Pemove_Product@5f71c76a]" name="tearDown" is-config="true" duration-ms="1452" started-at="2019-10-25T10:46:26Z" finished-at="2019-10-25T10:46:28Z">
          <reporter-output>
          </reporter-output>
        </test-method> <!-- tearDown -->
      </class> <!-- com.sampleproject.testScripts.TC001_Add_And_Pemove_Product -->
    </test> <!-- Test -->
  </suite> <!-- Suite -->
</testng-results>
